# JRE version: OpenJDK Runtime Environment Temurin-11.0.12+7 (11.0.12+7) (build 11.0.12+7)
# Java VM: OpenJDK 64-Bit Server VM Temurin-11.0.12+7 (11.0.12+7, mixed mode, tiered, compressed oops, g1 gc, bsd-amd64)
Heap:
 garbage-first heap   total 262144K, used 43915K [0x00000007e0000000, 0x0000000800000000)
  region size 1024K, 35 young (35840K), 2 survivors (2048K)
 Metaspace       used 28866K, capacity 29965K, committed 30080K, reserved 1075200K
  class space    used 3755K, capacity 4176K, committed 4224K, reserved 1048576K
GC Heap History (6 events):
Event: 0.543 GC heap before
{Heap before GC invocations=0 (full 0):
 garbage-first heap   total 262144K, used 23552K [0x00000007e0000000, 0x0000000800000000)
  region size 1024K, 24 young (24576K), 0 survivors (0K)
 Metaspace       used 14673K, capacity 15045K, committed 15360K, reserved 1062912K
  class space    used 1562K, capacity 1672K, committed 1792K, reserved 1048576K
}
Event: 0.547 GC heap after
{Heap after GC invocations=1 (full 0):
 garbage-first heap   total 262144K, used 4762K [0x00000007e0000000, 0x0000000800000000)
  region size 1024K, 3 young (3072K), 3 survivors (3072K)
 Metaspace       used 14673K, capacity 15045K, committed 15360K, reserved 1062912K
  class space    used 1562K, capacity 1672K, committed 1792K, reserved 1048576K
}
Event: 2.769 GC heap before
{Heap before GC invocations=1 (full 0):
 garbage-first heap   total 262144K, used 28314K [0x00000007e0000000, 0x0000000800000000)
  region size 1024K, 28 young (28672K), 3 survivors (3072K)
 Metaspace       used 20646K, capacity 21142K, committed 21248K, reserved 1067008K
  class space    used 2512K, capacity 2736K, committed 2816K, reserved 1048576K
}
Event: 2.781 GC heap after
{Heap after GC invocations=2 (full 0):
 garbage-first heap   total 262144K, used 8354K [0x00000007e0000000, 0x0000000800000000)
  region size 1024K, 7 young (7168K), 7 survivors (7168K)
 Metaspace       used 20646K, capacity 21142K, committed 21248K, reserved 1067008K
  class space    used 2512K, capacity 2736K, committed 2816K, reserved 1048576K
}
Event: 3.569 GC heap before
{Heap before GC invocations=3 (full 0):
 garbage-first heap   total 262144K, used 22690K [0x00000007e0000000, 0x0000000800000000)
  region size 1024K, 20 young (20480K), 7 survivors (7168K)
 Metaspace       used 24119K, capacity 24842K, committed 25088K, reserved 1071104K
  class space    used 3011K, capacity 3303K, committed 3328K, reserved 1048576K
}
Event: 3.573 GC heap after
{Heap after GC invocations=4 (full 0):
 garbage-first heap   total 262144K, used 11147K [0x00000007e0000000, 0x0000000800000000)
  region size 1024K, 2 young (2048K), 2 survivors (2048K)
 Metaspace       used 24119K, capacity 24842K, committed 25088K, reserved 1071104K
  class space    used 3011K, capacity 3303K, committed 3328K, reserved 1048576K
}

